[2023-08-03 20:43:41] [cache_controller::purge_cache_queue_write] queue file not exist
[2023-08-03 20:43:41] [cache_controller::wp_rocket_hooks] Purge whole Cloudflare cache (fired action: rocket_after_automatic_cache_purge_dir)
[2023-08-03 20:45:42] [cache_controller::purge_cache_queue_job] I'm the purge cache cronjob
[2023-08-03 20:45:43] [cache_controller::purge_all] Unable to purge the whole Cloudflare cache due to error: Could not route to /client/v4/zones/purge_cache, perhaps your object identifier is invalid? (err code: 7003)
[2023-08-03 20:45:43] [cache_controller::purge_cache_queue_job] Cache purging complete
[2023-08-03 21:44:12] [cache_controller::purge_cache_queue_write] queue file not exist
[2023-08-03 21:44:12] [cache_controller::wp_rocket_hooks] Purge whole Cloudflare cache (fired action: rocket_after_automatic_cache_purge_dir)
[2023-08-03 21:46:11] [cache_controller::purge_cache_queue_job] I'm the purge cache cronjob
[2023-08-03 21:46:13] [cache_controller::purge_all] Unable to purge the whole Cloudflare cache due to error: Could not route to /client/v4/zones/purge_cache, perhaps your object identifier is invalid? (err code: 7003)
[2023-08-03 21:46:13] [cache_controller::purge_cache_queue_job] Cache purging complete
[2023-08-03 22:43:42] [cache_controller::purge_cache_queue_write] queue file not exist
[2023-08-03 22:43:42] [cache_controller::wp_rocket_hooks] Purge whole Cloudflare cache (fired action: rocket_after_automatic_cache_purge_dir)
[2023-08-03 22:44:44] [cache_controller::purge_cache_queue_job] I'm the purge cache cronjob
[2023-08-03 22:44:45] [cache_controller::purge_all] Unable to purge the whole Cloudflare cache due to error: Could not route to /client/v4/zones/purge_cache, perhaps your object identifier is invalid? (err code: 7003)
[2023-08-03 22:44:45] [cache_controller::purge_cache_queue_job] Cache purging complete
[2023-08-03 23:44:43] [cache_controller::purge_cache_queue_write] queue file not exist
[2023-08-03 23:44:43] [cache_controller::wp_rocket_hooks] Purge whole Cloudflare cache (fired action: rocket_after_automatic_cache_purge_dir)
[2023-08-03 23:46:44] [cache_controller::purge_cache_queue_job] I'm the purge cache cronjob
[2023-08-03 23:46:45] [cache_controller::purge_all] Unable to purge the whole Cloudflare cache due to error: Could not route to /client/v4/zones/purge_cache, perhaps your object identifier is invalid? (err code: 7003)
[2023-08-03 23:46:45] [cache_controller::purge_cache_queue_job] Cache purging complete
[2023-08-04 00:44:43] [cache_controller::purge_cache_queue_write] queue file not exist
[2023-08-04 00:44:43] [cache_controller::wp_rocket_hooks] Purge whole Cloudflare cache (fired action: rocket_after_automatic_cache_purge_dir)
[2023-08-04 00:46:43] [cache_controller::purge_cache_queue_job] I'm the purge cache cronjob
[2023-08-04 00:46:44] [cache_controller::purge_all] Unable to purge the whole Cloudflare cache due to error: Could not route to /client/v4/zones/purge_cache, perhaps your object identifier is invalid? (err code: 7003)
[2023-08-04 00:46:44] [cache_controller::purge_cache_queue_job] Cache purging complete
[2023-08-04 01:43:25] [cache_controller::purge_cache_queue_write] queue file not exist
[2023-08-04 01:43:25] [cache_controller::wp_rocket_hooks] Purge whole Cloudflare cache (fired action: rocket_after_automatic_cache_purge_dir)
[2023-08-04 01:45:24] [cache_controller::purge_cache_queue_job] I'm the purge cache cronjob
[2023-08-04 01:45:34] [cloudflare::purge_cache] Error wp_remote_post: Connection error: cURL error 28: Operation timed out after 10012 milliseconds with 0 bytes received
[2023-08-04 01:45:34] [cache_controller::purge_all] Unable to purge the whole Cloudflare cache due to error: Connection error: cURL error 28: Operation timed out after 10012 milliseconds with 0 bytes received
[2023-08-04 01:45:34] [cache_controller::purge_cache_queue_job] Cache purging complete
[2023-08-04 13:14:15] [cache_controller::purge_cache_queue_write] queue file not exist
[2023-08-04 13:14:15] [cache_controller::wp_rocket_hooks] Purge whole Cloudflare cache (fired action: rocket_after_automatic_cache_purge_dir)
[2023-08-04 13:16:01] [cache_controller::purge_cache_queue_job] I'm the purge cache cronjob
[2023-08-04 13:16:02] [cache_controller::purge_all] Unable to purge the whole Cloudflare cache due to error: Could not route to /client/v4/zones/purge_cache, perhaps your object identifier is invalid? (err code: 7003)
[2023-08-04 13:16:02] [cache_controller::purge_cache_queue_job] Cache purging complete
[2023-08-04 14:29:45] [cache_controller::purge_cache_queue_write] queue file not exist
[2023-08-04 14:29:45] [cache_controller::wp_rocket_hooks] Purge whole Cloudflare cache (fired action: rocket_after_automatic_cache_purge_dir)
[2023-08-04 14:31:46] [cache_controller::purge_cache_queue_job] I'm the purge cache cronjob
[2023-08-04 14:31:47] [cache_controller::purge_all] Unable to purge the whole Cloudflare cache due to error: Could not route to /client/v4/zones/purge_cache, perhaps your object identifier is invalid? (err code: 7003)
[2023-08-04 14:31:47] [cache_controller::purge_cache_queue_job] Cache purging complete
[2023-08-04 15:40:53] [cache_controller::purge_cache_queue_write] queue file not exist
[2023-08-04 15:40:53] [cache_controller::wp_rocket_hooks] Purge whole Cloudflare cache (fired action: rocket_after_automatic_cache_purge_dir)
[2023-08-04 15:42:43] [cache_controller::purge_cache_queue_job] I'm the purge cache cronjob
[2023-08-04 15:42:45] [cache_controller::purge_all] Unable to purge the whole Cloudflare cache due to error: Could not route to /client/v4/zones/purge_cache, perhaps your object identifier is invalid? (err code: 7003)
[2023-08-04 15:42:45] [cache_controller::purge_cache_queue_job] Cache purging complete
[2023-08-05 02:08:19] [cache_controller::purge_cache_queue_write] queue file not exist
[2023-08-05 02:08:19] [cache_controller::wp_rocket_hooks] Purge whole Cloudflare cache (fired action: rocket_after_automatic_cache_purge_dir)
[2023-08-05 02:11:07] [cache_controller::purge_cache_queue_job] I'm the purge cache cronjob
[2023-08-05 02:11:08] [cache_controller::purge_all] Unable to purge the whole Cloudflare cache due to error: Could not route to /client/v4/zones/purge_cache, perhaps your object identifier is invalid? (err code: 7003)
[2023-08-05 02:11:08] [cache_controller::purge_cache_queue_job] Cache purging complete
[2023-08-09 01:45:20] [cache_controller::purge_cache_queue_write] queue file not exist
[2023-08-09 01:45:20] [cache_controller::wp_rocket_hooks] Purge whole Cloudflare cache (fired action: rocket_after_automatic_cache_purge_dir)
[2023-08-09 02:01:29] [cache_controller::purge_cache_queue_job] I'm the purge cache cronjob
[2023-08-09 02:01:31] [cache_controller::purge_all] Unable to purge the whole Cloudflare cache due to error: Could not route to /client/v4/zones/purge_cache, perhaps your object identifier is invalid? (err code: 7003)
[2023-08-09 02:01:31] [cache_controller::purge_cache_queue_job] Cache purging complete
[2023-08-09 02:29:11] [cache_controller::purge_cache_queue_write] queue file not exist
[2023-08-09 02:29:11] [cache_controller::wp_rocket_hooks] Purge whole Cloudflare cache (fired action: rocket_after_automatic_cache_purge_dir)
[2023-08-09 02:31:11] [cache_controller::purge_cache_queue_job] I'm the purge cache cronjob
[2023-08-09 02:31:13] [cache_controller::purge_all] Unable to purge the whole Cloudflare cache due to error: Could not route to /client/v4/zones/purge_cache, perhaps your object identifier is invalid? (err code: 7003)
[2023-08-09 02:31:13] [cache_controller::purge_cache_queue_job] Cache purging complete
[2023-08-09 19:27:32] [cache_controller::purge_cache_queue_write] queue file not exist
[2023-08-09 19:27:32] [cache_controller::wp_rocket_hooks] Purge whole Cloudflare cache (fired action: rocket_after_automatic_cache_purge_dir)
[2023-08-09 19:28:17] [cache_controller::purge_cache_queue_job] I'm the purge cache cronjob
[2023-08-09 19:28:18] [cache_controller::purge_all] Unable to purge the whole Cloudflare cache due to error: Could not route to /client/v4/zones/purge_cache, perhaps your object identifier is invalid? (err code: 7003)
[2023-08-09 19:28:18] [cache_controller::purge_cache_queue_job] Cache purging complete
[2023-08-09 19:28:56] [cache_controller::purge_cache_queue_write] queue file not exist
[2023-08-09 19:28:56] [cache_controller::wp_rocket_hooks] Purge whole Cloudflare cache (fired action: rocket_after_automatic_cache_purge_dir)
[2023-08-09 19:29:18] [cache_controller::purge_cache_queue_job] I'm the purge cache cronjob
[2023-08-09 19:29:18] [cache_controller::purge_all] Unable to purge the whole Cloudflare cache due to error: Could not route to /client/v4/zones/purge_cache, perhaps your object identifier is invalid? (err code: 7003)
[2023-08-09 19:29:18] [cache_controller::purge_cache_queue_job] Cache purging complete
[2023-08-10 00:56:24] [cache_controller::purge_cache_queue_write] queue file not exist
[2023-08-10 00:56:24] [cache_controller::wp_rocket_hooks] Purge whole Cloudflare cache (fired action: rocket_after_automatic_cache_purge_dir)
[2023-08-14 18:51:48] [cache_controller::purge_cache_queue_job] I'm the purge cache cronjob
[2023-08-14 18:51:49] [cache_controller::purge_all] Unable to purge the whole Cloudflare cache due to error: Could not route to /client/v4/zones/purge_cache, perhaps your object identifier is invalid? (err code: 7003)
[2023-08-14 18:51:49] [cache_controller::purge_cache_queue_job] Cache purging complete
[2023-08-14 18:52:00] [cache_controller::purge_cache_queue_write] queue file not exist
[2023-08-14 18:52:00] [cache_controller::wp_rocket_hooks] Purge whole Cloudflare cache (fired action: rocket_after_automatic_cache_purge_dir)
[2023-08-14 18:52:56] [cache_controller::purge_cache_queue_job] I'm the purge cache cronjob
[2023-08-14 18:52:57] [cache_controller::purge_all] Unable to purge the whole Cloudflare cache due to error: Could not route to /client/v4/zones/purge_cache, perhaps your object identifier is invalid? (err code: 7003)
[2023-08-14 18:52:57] [cache_controller::purge_cache_queue_job] Cache purging complete
[2023-08-14 19:30:58] [cache_controller::purge_cache_queue_write] queue file not exist
[2023-08-14 19:30:58] [cache_controller::wp_rocket_hooks] Purge whole Cloudflare cache (fired action: rocket_after_automatic_cache_purge_dir)
[2023-08-14 19:32:58] [cache_controller::purge_cache_queue_job] I'm the purge cache cronjob
[2023-08-14 19:33:00] [cache_controller::purge_all] Unable to purge the whole Cloudflare cache due to error: Could not route to /client/v4/zones/purge_cache, perhaps your object identifier is invalid? (err code: 7003)
[2023-08-14 19:33:00] [cache_controller::purge_cache_queue_job] Cache purging complete
[2023-08-14 20:29:59] [cache_controller::purge_cache_queue_write] queue file not exist
[2023-08-14 20:29:59] [cache_controller::wp_rocket_hooks] Purge whole Cloudflare cache (fired action: rocket_after_automatic_cache_purge_dir)
[2023-08-15 01:38:54] [cache_controller::purge_cache_queue_job] I'm the purge cache cronjob
[2023-08-15 01:38:56] [cache_controller::purge_all] Unable to purge the whole Cloudflare cache due to error: Could not route to /client/v4/zones/purge_cache, perhaps your object identifier is invalid? (err code: 7003)
[2023-08-15 01:38:56] [cache_controller::purge_cache_queue_job] Cache purging complete
[2023-08-15 01:39:01] [cache_controller::purge_cache_queue_write] queue file not exist
[2023-08-15 01:39:01] [cache_controller::wp_rocket_hooks] Purge whole Cloudflare cache (fired action: rocket_after_automatic_cache_purge_dir)
[2023-08-15 01:41:08] [cache_controller::purge_cache_queue_job] I'm the purge cache cronjob
[2023-08-15 01:41:09] [cache_controller::purge_all] Unable to purge the whole Cloudflare cache due to error: Could not route to /client/v4/zones/purge_cache, perhaps your object identifier is invalid? (err code: 7003)
[2023-08-15 01:41:10] [cache_controller::purge_cache_queue_job] Cache purging complete
[2023-08-15 02:29:32] [cache_controller::purge_cache_queue_write] queue file not exist
[2023-08-15 02:29:33] [cache_controller::wp_rocket_hooks] Purge whole Cloudflare cache (fired action: rocket_after_automatic_cache_purge_dir)
[2023-08-15 02:31:33] [cache_controller::purge_cache_queue_job] I'm the purge cache cronjob
[2023-08-15 02:31:34] [cache_controller::purge_all] Unable to purge the whole Cloudflare cache due to error: Could not route to /client/v4/zones/purge_cache, perhaps your object identifier is invalid? (err code: 7003)
[2023-08-15 02:31:34] [cache_controller::purge_cache_queue_job] Cache purging complete
[2023-08-15 03:30:02] [cache_controller::purge_cache_queue_write] queue file not exist
[2023-08-15 03:30:02] [cache_controller::wp_rocket_hooks] Purge whole Cloudflare cache (fired action: rocket_after_automatic_cache_purge_dir)
[2023-08-15 03:32:03] [cache_controller::purge_cache_queue_job] I'm the purge cache cronjob
[2023-08-15 03:32:04] [cache_controller::purge_all] Unable to purge the whole Cloudflare cache due to error: Could not route to /client/v4/zones/purge_cache, perhaps your object identifier is invalid? (err code: 7003)
[2023-08-15 03:32:04] [cache_controller::purge_cache_queue_job] Cache purging complete
